Using pre-set license
Built from '2020.3/staging' branch; Version is '2020.3.11f1 (99c7afb366b3) revision 10078127'; Using compiler version '192528614'; Build Type 'Release'
OS: 'Windows 10 Home; OS build 19043.1110; Version 2009; 64bit' Language: 'tr' Physical Memory: 8074 MB
BatchMode: 1, IsHumanControllingUs: 0, StartBugReporterOnCrash: 0, Is64bit: 1, IsPro: 0

 COMMAND LINE ARGUMENTS:
C:\Program Files\Unity\Hub\Editor\2020.3.11f1\Editor\Unity.exe
-adb2
-batchMode
-noUpm
-name
AssetImportWorker0
-projectPath
C:/Users/mserh/Documents/GitHub/SaveAstronaut
-logFile
Logs/AssetImportWorker0.log
-srvPort
56031
Successfully changed project path to: C:/Users/mserh/Documents/GitHub/SaveAstronaut
C:/Users/mserh/Documents/GitHub/SaveAstronaut
Using Asset Import Pipeline V2.
Refreshing native plugins compatible for Editor in 70.06 ms, found 2 plugins.
Preloading 0 native plugins for Editor in 0.00 ms.
Initialize engine version: 2020.3.11f1 (99c7afb366b3)
[Subsystems] Discovering subsystems at path C:/Program Files/Unity/Hub/Editor/2020.3.11f1/Editor/Data/Resources/UnitySubsystems
[Subsystems] Discovering subsystems at path C:/Users/mserh/Documents/GitHub/SaveAstronaut/Assets
GfxDevice: creating device client; threaded=0
Direct3D:
    Version:  Direct3D 11.0 [level 11.0]
    Renderer: NVIDIA GeForce MX130 (ID=0x174d)
    Vendor:   
    VRAM:     2010 MB
    Driver:   30.0.14.7141
Initialize mono
Mono path[0] = 'C:/Program Files/Unity/Hub/Editor/2020.3.11f1/Editor/Data/Managed'
Mono path[1] = 'C:/Program Files/Unity/Hub/Editor/2020.3.11f1/Editor/Data/MonoBleedingEdge/lib/mono/unityjit'
Mono config path = 'C:/Program Files/Unity/Hub/Editor/2020.3.11f1/Editor/Data/MonoBleedingEdge/etc'
Using monoOptions --debugger-agent=transport=dt_socket,embedding=1,server=y,suspend=n,address=127.0.0.1:56172
Begin MonoManager ReloadAssembly
Registering precompiled unity dll's ...
Register platform support module: C:/Program Files/Unity/Hub/Editor/2020.3.11f1/Editor/Data/PlaybackEngines/WindowsStandaloneSupport/UnityEditor.WindowsStandalone.Extensions.dll
Registered in 0.002388 seconds.
Native extension for WindowsStandalone target not found
Refreshing native plugins compatible for Editor in 52.04 ms, found 2 plugins.
Preloading 0 native plugins for Editor in 0.00 ms.
Mono: successfully reloaded assembly
- Completed reload, in  2.411 seconds
Platform modules already initialized, skipping
Registering precompiled user dll's ...
Registered in 0.005424 seconds.
Begin MonoManager ReloadAssembly
Native extension for WindowsStandalone target not found
Refreshing native plugins compatible for Editor in 0.46 ms, found 2 plugins.
Preloading 0 native plugins for Editor in 0.00 ms.
Mono: successfully reloaded assembly
- Completed reload, in  1.645 seconds
Platform modules already initialized, skipping
========================================================================
Worker process is ready to serve import requests
Launched and connected shader compiler UnityShaderCompiler.exe after 0.08 seconds
Refreshing native plugins compatible for Editor in 0.69 ms, found 2 plugins.
Preloading 0 native plugins for Editor in 0.00 ms.
Unloading 2181 Unused Serialized files (Serialized files now loaded: 0)
System memory in use before: 174.3 MB.
System memory in use after: 174.4 MB.

Unloading 122 unused Assets to reduce memory usage. Loaded Objects now: 2617.
Total: 5.759700 ms (FindLiveObjects: 0.469200 ms CreateObjectMapping: 0.290200 ms MarkObjects: 4.630700 ms  DeleteObjects: 0.367600 ms)

========================================================================
Received Import Request.
  path: Assets/Prefarbs/Satellite.prefab
  artifactKey: Guid(4229af9ee1d152e4e876217ae3bda9f5) Importer(815301076,1909f56bfc062723c751e8b465ee728b)
Start importing Assets/Prefarbs/Satellite.prefab using Guid(4229af9ee1d152e4e876217ae3bda9f5) Importer(815301076,1909f56bfc062723c751e8b465ee728b)  -> (artifact id: 'e8630f268cf4c2dd5afa23a644ace79a') in 0.157409 seconds
  Import took 0.164584 seconds .

========================================================================
Received Import Request.
  Time since last request: 25.131739 seconds.
  path: Assets/Prefarbs/Prefarbs
  artifactKey: Guid(78f641d24ebd8ee4ba6ae987937417fd) Importer(815301076,1909f56bfc062723c751e8b465ee728b)
Start importing Assets/Prefarbs/Prefarbs using Guid(78f641d24ebd8ee4ba6ae987937417fd) Importer(815301076,1909f56bfc062723c751e8b465ee728b)  -> (artifact id: 'bf44ee2a37abb16519177e7f1b683f18') in 0.003529 seconds
  Import took 0.012251 seconds .

========================================================================
Received Import Request.
  Time since last request: 0.002287 seconds.
  path: Assets/Prefarbs/Prefarbs
  artifactKey: Guid(78f641d24ebd8ee4ba6ae987937417fd) Importer(815301076,1909f56bfc062723c751e8b465ee728b)
Start importing Assets/Prefarbs/Prefarbs using Guid(78f641d24ebd8ee4ba6ae987937417fd) Importer(815301076,1909f56bfc062723c751e8b465ee728b)  -> (artifact id: 'bf44ee2a37abb16519177e7f1b683f18') in 0.003191 seconds
  Import took 0.009617 seconds .

========================================================================
Received Import Request.
  Time since last request: 9.950897 seconds.
  path: Assets/Enväronment
  artifactKey: Guid(2a092c7e70c3a354abba558b5a0f3ab9) Importer(815301076,1909f56bfc062723c751e8b465ee728b)
Start importing Assets/Enväronment using Guid(2a092c7e70c3a354abba558b5a0f3ab9) Importer(815301076,1909f56bfc062723c751e8b465ee728b)  -> (artifact id: '371bdf5853577977a86814a1a8172c92') in 0.005826 seconds
  Import took 0.011850 seconds .

========================================================================
Received Import Request.
  Time since last request: 34.248946 seconds.
  path: Assets/Environment
  artifactKey: Guid(2a092c7e70c3a354abba558b5a0f3ab9) Importer(815301076,1909f56bfc062723c751e8b465ee728b)
Start importing Assets/Environment using Guid(2a092c7e70c3a354abba558b5a0f3ab9) Importer(815301076,1909f56bfc062723c751e8b465ee728b)  -> (artifact id: 'e5743fcfa2269d63f9f3a64e366fa5b3') in 0.002985 seconds
  Import took 0.014007 seconds .

========================================================================
Received Import Request.
  Time since last request: 28.989803 seconds.
  path: Assets/Prefarbs/DestroyParticle/Textures
  artifactKey: Guid(b570582a843ea1143a2446d355eda99b) Importer(815301076,1909f56bfc062723c751e8b465ee728b)
Start importing Assets/Prefarbs/DestroyParticle/Textures using Guid(b570582a843ea1143a2446d355eda99b) Importer(815301076,1909f56bfc062723c751e8b465ee728b)  -> (artifact id: '11a23f254a117a4df2db0c7b7ecc3578') in 0.003325 seconds
  Import took 0.017992 seconds .

========================================================================
Received Import Request.
  Time since last request: 10.535429 seconds.
  path: Assets/Prefarbs/DestroyParticle/Materials
  artifactKey: Guid(d55d5882cc8028a459a0a5793070b388) Importer(815301076,1909f56bfc062723c751e8b465ee728b)
Start importing Assets/Prefarbs/DestroyParticle/Materials using Guid(d55d5882cc8028a459a0a5793070b388) Importer(815301076,1909f56bfc062723c751e8b465ee728b)  -> (artifact id: '75feef84723f277e66eda3c4e14d4e23') in 0.003399 seconds
  Import took 0.014854 seconds .

========================================================================
Received Import Request.
  Time since last request: 13.806656 seconds.
  path: Assets/Prefarbs/DestroyParticleMaterials
  artifactKey: Guid(d55d5882cc8028a459a0a5793070b388) Importer(815301076,1909f56bfc062723c751e8b465ee728b)
Start importing Assets/Prefarbs/DestroyParticleMaterials using Guid(d55d5882cc8028a459a0a5793070b388) Importer(815301076,1909f56bfc062723c751e8b465ee728b)  -> (artifact id: '99d19bcc2fa904faf81645860a8ee515') in 0.003590 seconds
  Import took 0.011888 seconds .

========================================================================
Received Import Request.
  Time since last request: 13.491532 seconds.
  path: Assets/Prefarbs/DestroyParticleTextFont
  artifactKey: Guid(ef868e61ca5cf0f4e88851609cf8e980) Importer(815301076,1909f56bfc062723c751e8b465ee728b)
Start importing Assets/Prefarbs/DestroyParticleTextFont using Guid(ef868e61ca5cf0f4e88851609cf8e980) Importer(815301076,1909f56bfc062723c751e8b465ee728b)  -> (artifact id: '7b062a9f2f850ae464def9e887a926b0') in 0.003285 seconds
  Import took 0.010615 seconds .

